<?xml version="1.0" encoding="UTF-8"?>
<testsuite xmlns:xsi="http://www.w3.org/2001/XMLSchema-instance" xsi:noNamespaceSchemaLocation="https://maven.apache.org/surefire/maven-surefire-plugin/xsd/surefire-test-report-3.0.xsd" version="3.0" name="com.ofisyonetimsistemi.OfisYonetimSistemiApplicationTests" time="16.336" tests="1" errors="0" skipped="0" failures="0">
  <properties>
    <property name="java.specification.version" value="22"/>
    <property name="sun.cpu.isalist" value="amd64"/>
    <property name="sun.jnu.encoding" value="Cp1254"/>
    <property name="java.class.path" value="D:\java\stsWorkspace\OfisYonetimSistemi01\target\test-classes;D:\java\stsWorkspace\OfisYonetimSistemi01\target\classes;C:\Users\mumyu\.m2\repository\org\springframework\boot\spring-boot-starter-web\3.3.8\spring-boot-starter-web-3.3.8.jar;C:\Users\mumyu\.m2\repository\org\springframework\boot\spring-boot-starter\3.3.8\spring-boot-starter-3.3.8.jar;C:\Users\mumyu\.m2\repository\org\springframework\boot\spring-boot-starter-logging\3.3.8\spring-boot-starter-logging-3.3.8.jar;C:\Users\mumyu\.m2\repository\ch\qos\logback\logback-classic\1.5.16\logback-classic-1.5.16.jar;C:\Users\mumyu\.m2\repository\ch\qos\logback\logback-core\1.5.16\logback-core-1.5.16.jar;C:\Users\mumyu\.m2\repository\org\apache\logging\log4j\log4j-to-slf4j\2.23.1\log4j-to-slf4j-2.23.1.jar;C:\Users\mumyu\.m2\repository\org\apache\logging\log4j\log4j-api\2.23.1\log4j-api-2.23.1.jar;C:\Users\mumyu\.m2\repository\org\slf4j\jul-to-slf4j\2.0.16\jul-to-slf4j-2.0.16.jar;C:\Users\mumyu\.m2\repository\jakarta\annotation\jakarta.annotation-api\2.1.1\jakarta.annotation-api-2.1.1.jar;C:\Users\mumyu\.m2\repository\org\yaml\snakeyaml\2.2\snakeyaml-2.2.jar;C:\Users\mumyu\.m2\repository\org\springframework\boot\spring-boot-starter-json\3.3.8\spring-boot-starter-json-3.3.8.jar;C:\Users\mumyu\.m2\repository\com\fasterxml\jackson\datatype\jackson-datatype-jdk8\2.17.3\jackson-datatype-jdk8-2.17.3.jar;C:\Users\mumyu\.m2\repository\com\fasterxml\jackson\datatype\jackson-datatype-jsr310\2.17.3\jackson-datatype-jsr310-2.17.3.jar;C:\Users\mumyu\.m2\repository\org\springframework\boot\spring-boot-starter-tomcat\3.3.8\spring-boot-starter-tomcat-3.3.8.jar;C:\Users\mumyu\.m2\repository\org\apache\tomcat\embed\tomcat-embed-core\10.1.34\tomcat-embed-core-10.1.34.jar;C:\Users\mumyu\.m2\repository\org\apache\tomcat\embed\tomcat-embed-websocket\10.1.34\tomcat-embed-websocket-10.1.34.jar;C:\Users\mumyu\.m2\repository\org\springframework\spring-web\6.1.16\spring-web-6.1.16.jar;C:\Users\mumyu\.m2\repository\org\springframework\spring-beans\6.1.16\spring-beans-6.1.16.jar;C:\Users\mumyu\.m2\repository\io\micrometer\micrometer-observation\1.13.10\micrometer-observation-1.13.10.jar;C:\Users\mumyu\.m2\repository\io\micrometer\micrometer-commons\1.13.10\micrometer-commons-1.13.10.jar;C:\Users\mumyu\.m2\repository\org\springframework\spring-webmvc\6.1.16\spring-webmvc-6.1.16.jar;C:\Users\mumyu\.m2\repository\org\springframework\spring-context\6.1.16\spring-context-6.1.16.jar;C:\Users\mumyu\.m2\repository\org\springframework\spring-expression\6.1.16\spring-expression-6.1.16.jar;C:\Users\mumyu\.m2\repository\org\springframework\boot\spring-boot-devtools\3.3.8\spring-boot-devtools-3.3.8.jar;C:\Users\mumyu\.m2\repository\org\springframework\boot\spring-boot\3.3.8\spring-boot-3.3.8.jar;C:\Users\mumyu\.m2\repository\org\springframework\boot\spring-boot-autoconfigure\3.3.8\spring-boot-autoconfigure-3.3.8.jar;C:\Users\mumyu\.m2\repository\org\projectlombok\lombok\1.18.36\lombok-1.18.36.jar;C:\Users\mumyu\.m2\repository\org\springframework\boot\spring-boot-starter-test\3.3.8\spring-boot-starter-test-3.3.8.jar;C:\Users\mumyu\.m2\repository\org\springframework\boot\spring-boot-test\3.3.8\spring-boot-test-3.3.8.jar;C:\Users\mumyu\.m2\repository\org\springframework\boot\spring-boot-test-autoconfigure\3.3.8\spring-boot-test-autoconfigure-3.3.8.jar;C:\Users\mumyu\.m2\repository\com\jayway\jsonpath\json-path\2.9.0\json-path-2.9.0.jar;C:\Users\mumyu\.m2\repository\jakarta\xml\bind\jakarta.xml.bind-api\4.0.2\jakarta.xml.bind-api-4.0.2.jar;C:\Users\mumyu\.m2\repository\jakarta\activation\jakarta.activation-api\2.1.3\jakarta.activation-api-2.1.3.jar;C:\Users\mumyu\.m2\repository\net\minidev\json-smart\2.5.1\json-smart-2.5.1.jar;C:\Users\mumyu\.m2\repository\net\minidev\accessors-smart\2.5.1\accessors-smart-2.5.1.jar;C:\Users\mumyu\.m2\repository\org\ow2\asm\asm\9.6\asm-9.6.jar;C:\Users\mumyu\.m2\repository\org\assertj\assertj-core\3.25.3\assertj-core-3.25.3.jar;C:\Users\mumyu\.m2\repository\net\bytebuddy\byte-buddy\1.14.19\byte-buddy-1.14.19.jar;C:\Users\mumyu\.m2\repository\org\awaitility\awaitility\4.2.2\awaitility-4.2.2.jar;C:\Users\mumyu\.m2\repository\org\hamcrest\hamcrest\2.2\hamcrest-2.2.jar;C:\Users\mumyu\.m2\repository\org\junit\jupiter\junit-jupiter\5.10.5\junit-jupiter-5.10.5.jar;C:\Users\mumyu\.m2\repository\org\junit\jupiter\junit-jupiter-api\5.10.5\junit-jupiter-api-5.10.5.jar;C:\Users\mumyu\.m2\repository\org\opentest4j\opentest4j\1.3.0\opentest4j-1.3.0.jar;C:\Users\mumyu\.m2\repository\org\junit\platform\junit-platform-commons\1.10.5\junit-platform-commons-1.10.5.jar;C:\Users\mumyu\.m2\repository\org\apiguardian\apiguardian-api\1.1.2\apiguardian-api-1.1.2.jar;C:\Users\mumyu\.m2\repository\org\junit\jupiter\junit-jupiter-params\5.10.5\junit-jupiter-params-5.10.5.jar;C:\Users\mumyu\.m2\repository\org\junit\jupiter\junit-jupiter-engine\5.10.5\junit-jupiter-engine-5.10.5.jar;C:\Users\mumyu\.m2\repository\org\junit\platform\junit-platform-engine\1.10.5\junit-platform-engine-1.10.5.jar;C:\Users\mumyu\.m2\repository\org\mockito\mockito-core\5.11.0\mockito-core-5.11.0.jar;C:\Users\mumyu\.m2\repository\net\bytebuddy\byte-buddy-agent\1.14.19\byte-buddy-agent-1.14.19.jar;C:\Users\mumyu\.m2\repository\org\objenesis\objenesis\3.3\objenesis-3.3.jar;C:\Users\mumyu\.m2\repository\org\mockito\mockito-junit-jupiter\5.11.0\mockito-junit-jupiter-5.11.0.jar;C:\Users\mumyu\.m2\repository\org\skyscreamer\jsonassert\1.5.3\jsonassert-1.5.3.jar;C:\Users\mumyu\.m2\repository\com\vaadin\external\google\android-json\0.0.20131108.vaadin1\android-json-0.0.20131108.vaadin1.jar;C:\Users\mumyu\.m2\repository\org\springframework\spring-core\6.1.16\spring-core-6.1.16.jar;C:\Users\mumyu\.m2\repository\org\springframework\spring-jcl\6.1.16\spring-jcl-6.1.16.jar;C:\Users\mumyu\.m2\repository\org\springframework\spring-test\6.1.16\spring-test-6.1.16.jar;C:\Users\mumyu\.m2\repository\org\xmlunit\xmlunit-core\2.9.1\xmlunit-core-2.9.1.jar;C:\Users\mumyu\.m2\repository\nz\net\ultraq\thymeleaf\thymeleaf-layout-dialect\3.3.0\thymeleaf-layout-dialect-3.3.0.jar;C:\Users\mumyu\.m2\repository\org\apache\groovy\groovy\4.0.24\groovy-4.0.24.jar;C:\Users\mumyu\.m2\repository\nz\net\ultraq\groovy\groovy-extensions\2.1.0\groovy-extensions-2.1.0.jar;C:\Users\mumyu\.m2\repository\nz\net\ultraq\thymeleaf\thymeleaf-expression-processor\3.2.0\thymeleaf-expression-processor-3.2.0.jar;C:\Users\mumyu\.m2\repository\org\thymeleaf\thymeleaf\3.1.3.RELEASE\thymeleaf-3.1.3.RELEASE.jar;C:\Users\mumyu\.m2\repository\ognl\ognl\3.3.4\ognl-3.3.4.jar;C:\Users\mumyu\.m2\repository\org\javassist\javassist\3.29.0-GA\javassist-3.29.0-GA.jar;C:\Users\mumyu\.m2\repository\org\attoparser\attoparser\2.0.7.RELEASE\attoparser-2.0.7.RELEASE.jar;C:\Users\mumyu\.m2\repository\org\unbescape\unbescape\1.1.6.RELEASE\unbescape-1.1.6.RELEASE.jar;C:\Users\mumyu\.m2\repository\org\slf4j\slf4j-api\2.0.16\slf4j-api-2.0.16.jar;C:\Users\mumyu\.m2\repository\org\springframework\boot\spring-boot-starter-thymeleaf\3.3.8\spring-boot-starter-thymeleaf-3.3.8.jar;C:\Users\mumyu\.m2\repository\org\thymeleaf\thymeleaf-spring6\3.1.3.RELEASE\thymeleaf-spring6-3.1.3.RELEASE.jar;C:\Users\mumyu\.m2\repository\org\springframework\boot\spring-boot-starter-data-jpa\3.3.8\spring-boot-starter-data-jpa-3.3.8.jar;C:\Users\mumyu\.m2\repository\org\springframework\boot\spring-boot-starter-aop\3.3.8\spring-boot-starter-aop-3.3.8.jar;C:\Users\mumyu\.m2\repository\org\aspectj\aspectjweaver\1.9.22.1\aspectjweaver-1.9.22.1.jar;C:\Users\mumyu\.m2\repository\org\springframework\boot\spring-boot-starter-jdbc\3.3.8\spring-boot-starter-jdbc-3.3.8.jar;C:\Users\mumyu\.m2\repository\com\zaxxer\HikariCP\5.1.0\HikariCP-5.1.0.jar;C:\Users\mumyu\.m2\repository\org\springframework\spring-jdbc\6.1.16\spring-jdbc-6.1.16.jar;C:\Users\mumyu\.m2\repository\org\hibernate\orm\hibernate-core\6.5.3.Final\hibernate-core-6.5.3.Final.jar;C:\Users\mumyu\.m2\repository\jakarta\persistence\jakarta.persistence-api\3.1.0\jakarta.persistence-api-3.1.0.jar;C:\Users\mumyu\.m2\repository\jakarta\transaction\jakarta.transaction-api\2.0.1\jakarta.transaction-api-2.0.1.jar;C:\Users\mumyu\.m2\repository\org\jboss\logging\jboss-logging\3.5.3.Final\jboss-logging-3.5.3.Final.jar;C:\Users\mumyu\.m2\repository\org\hibernate\common\hibernate-commons-annotations\6.0.6.Final\hibernate-commons-annotations-6.0.6.Final.jar;C:\Users\mumyu\.m2\repository\io\smallrye\jandex\3.1.2\jandex-3.1.2.jar;C:\Users\mumyu\.m2\repository\com\fasterxml\classmate\1.7.0\classmate-1.7.0.jar;C:\Users\mumyu\.m2\repository\org\glassfish\jaxb\jaxb-runtime\4.0.5\jaxb-runtime-4.0.5.jar;C:\Users\mumyu\.m2\repository\org\glassfish\jaxb\jaxb-core\4.0.5\jaxb-core-4.0.5.jar;C:\Users\mumyu\.m2\repository\org\eclipse\angus\angus-activation\2.0.2\angus-activation-2.0.2.jar;C:\Users\mumyu\.m2\repository\org\glassfish\jaxb\txw2\4.0.5\txw2-4.0.5.jar;C:\Users\mumyu\.m2\repository\com\sun\istack\istack-commons-runtime\4.1.2\istack-commons-runtime-4.1.2.jar;C:\Users\mumyu\.m2\repository\jakarta\inject\jakarta.inject-api\2.0.1\jakarta.inject-api-2.0.1.jar;C:\Users\mumyu\.m2\repository\org\antlr\antlr4-runtime\4.13.0\antlr4-runtime-4.13.0.jar;C:\Users\mumyu\.m2\repository\org\springframework\data\spring-data-jpa\3.3.8\spring-data-jpa-3.3.8.jar;C:\Users\mumyu\.m2\repository\org\springframework\data\spring-data-commons\3.3.8\spring-data-commons-3.3.8.jar;C:\Users\mumyu\.m2\repository\org\springframework\spring-orm\6.1.16\spring-orm-6.1.16.jar;C:\Users\mumyu\.m2\repository\org\springframework\spring-tx\6.1.16\spring-tx-6.1.16.jar;C:\Users\mumyu\.m2\repository\org\springframework\spring-aspects\6.1.16\spring-aspects-6.1.16.jar;C:\Users\mumyu\.m2\repository\org\springframework\boot\spring-boot-docker-compose\3.3.8\spring-boot-docker-compose-3.3.8.jar;C:\Users\mumyu\.m2\repository\com\fasterxml\jackson\core\jackson-databind\2.17.3\jackson-databind-2.17.3.jar;C:\Users\mumyu\.m2\repository\com\fasterxml\jackson\core\jackson-annotations\2.17.3\jackson-annotations-2.17.3.jar;C:\Users\mumyu\.m2\repository\com\fasterxml\jackson\core\jackson-core\2.17.3\jackson-core-2.17.3.jar;C:\Users\mumyu\.m2\repository\com\fasterxml\jackson\module\jackson-module-parameter-names\2.17.3\jackson-module-parameter-names-2.17.3.jar;C:\Users\mumyu\.m2\repository\com\mysql\mysql-connector-j\8.3.0\mysql-connector-j-8.3.0.jar;C:\Users\mumyu\.m2\repository\commons-io\commons-io\2.16.1\commons-io-2.16.1.jar;C:\Users\mumyu\.m2\repository\org\springframework\boot\spring-boot-starter-security\3.3.8\spring-boot-starter-security-3.3.8.jar;C:\Users\mumyu\.m2\repository\org\springframework\spring-aop\6.1.16\spring-aop-6.1.16.jar;C:\Users\mumyu\.m2\repository\org\springframework\security\spring-security-config\6.3.6\spring-security-config-6.3.6.jar;C:\Users\mumyu\.m2\repository\org\springframework\security\spring-security-core\6.3.6\spring-security-core-6.3.6.jar;C:\Users\mumyu\.m2\repository\org\springframework\security\spring-security-crypto\6.3.6\spring-security-crypto-6.3.6.jar;C:\Users\mumyu\.m2\repository\org\springframework\security\spring-security-web\6.3.6\spring-security-web-6.3.6.jar;C:\Users\mumyu\.m2\repository\org\springframework\boot\spring-boot-starter-validation\3.3.8\spring-boot-starter-validation-3.3.8.jar;C:\Users\mumyu\.m2\repository\org\apache\tomcat\embed\tomcat-embed-el\10.1.34\tomcat-embed-el-10.1.34.jar;C:\Users\mumyu\.m2\repository\org\hibernate\validator\hibernate-validator\8.0.2.Final\hibernate-validator-8.0.2.Final.jar;C:\Users\mumyu\.m2\repository\jakarta\validation\jakarta.validation-api\3.0.2\jakarta.validation-api-3.0.2.jar;"/>
    <property name="java.vm.vendor" value="Eclipse Adoptium"/>
    <property name="sun.arch.data.model" value="64"/>
    <property name="user.variant" value=""/>
    <property name="java.vendor.url" value="https://adoptium.net/"/>
    <property name="user.timezone" value="Europe/Istanbul"/>
    <property name="org.jboss.logging.provider" value="slf4j"/>
    <property name="os.name" value="Windows 10"/>
    <property name="java.vm.specification.version" value="22"/>
    <property name="sun.java.launcher" value="SUN_STANDARD"/>
    <property name="user.country" value="TR"/>
    <property name="sun.boot.library.path" value="D:\java\sts-4.20.1.RELEASE\plugins\org.eclipse.justj.openjdk.hotspot.jre.full.win32.x86_64_22.0.1.v20240426-1149\jre\bin"/>
    <property name="sun.java.command" value="C:\Users\mumyu\AppData\Local\Temp\surefire12269177131718888213\surefirebooter-20250202192054875_3.jar C:\Users\mumyu\AppData\Local\Temp\surefire12269177131718888213 2025-02-02T19-20-54_448-jvmRun1 surefire-20250202192054875_1tmp surefire_0-20250202192054875_2tmp"/>
    <property name="jdk.debug" value="release"/>
    <property name="surefire.test.class.path" value="D:\java\stsWorkspace\OfisYonetimSistemi01\target\test-classes;D:\java\stsWorkspace\OfisYonetimSistemi01\target\classes;C:\Users\mumyu\.m2\repository\org\springframework\boot\spring-boot-starter-web\3.3.8\spring-boot-starter-web-3.3.8.jar;C:\Users\mumyu\.m2\repository\org\springframework\boot\spring-boot-starter\3.3.8\spring-boot-starter-3.3.8.jar;C:\Users\mumyu\.m2\repository\org\springframework\boot\spring-boot-starter-logging\3.3.8\spring-boot-starter-logging-3.3.8.jar;C:\Users\mumyu\.m2\repository\ch\qos\logback\logback-classic\1.5.16\logback-classic-1.5.16.jar;C:\Users\mumyu\.m2\repository\ch\qos\logback\logback-core\1.5.16\logback-core-1.5.16.jar;C:\Users\mumyu\.m2\repository\org\apache\logging\log4j\log4j-to-slf4j\2.23.1\log4j-to-slf4j-2.23.1.jar;C:\Users\mumyu\.m2\repository\org\apache\logging\log4j\log4j-api\2.23.1\log4j-api-2.23.1.jar;C:\Users\mumyu\.m2\repository\org\slf4j\jul-to-slf4j\2.0.16\jul-to-slf4j-2.0.16.jar;C:\Users\mumyu\.m2\repository\jakarta\annotation\jakarta.annotation-api\2.1.1\jakarta.annotation-api-2.1.1.jar;C:\Users\mumyu\.m2\repository\org\yaml\snakeyaml\2.2\snakeyaml-2.2.jar;C:\Users\mumyu\.m2\repository\org\springframework\boot\spring-boot-starter-json\3.3.8\spring-boot-starter-json-3.3.8.jar;C:\Users\mumyu\.m2\repository\com\fasterxml\jackson\datatype\jackson-datatype-jdk8\2.17.3\jackson-datatype-jdk8-2.17.3.jar;C:\Users\mumyu\.m2\repository\com\fasterxml\jackson\datatype\jackson-datatype-jsr310\2.17.3\jackson-datatype-jsr310-2.17.3.jar;C:\Users\mumyu\.m2\repository\org\springframework\boot\spring-boot-starter-tomcat\3.3.8\spring-boot-starter-tomcat-3.3.8.jar;C:\Users\mumyu\.m2\repository\org\apache\tomcat\embed\tomcat-embed-core\10.1.34\tomcat-embed-core-10.1.34.jar;C:\Users\mumyu\.m2\repository\org\apache\tomcat\embed\tomcat-embed-websocket\10.1.34\tomcat-embed-websocket-10.1.34.jar;C:\Users\mumyu\.m2\repository\org\springframework\spring-web\6.1.16\spring-web-6.1.16.jar;C:\Users\mumyu\.m2\repository\org\springframework\spring-beans\6.1.16\spring-beans-6.1.16.jar;C:\Users\mumyu\.m2\repository\io\micrometer\micrometer-observation\1.13.10\micrometer-observation-1.13.10.jar;C:\Users\mumyu\.m2\repository\io\micrometer\micrometer-commons\1.13.10\micrometer-commons-1.13.10.jar;C:\Users\mumyu\.m2\repository\org\springframework\spring-webmvc\6.1.16\spring-webmvc-6.1.16.jar;C:\Users\mumyu\.m2\repository\org\springframework\spring-context\6.1.16\spring-context-6.1.16.jar;C:\Users\mumyu\.m2\repository\org\springframework\spring-expression\6.1.16\spring-expression-6.1.16.jar;C:\Users\mumyu\.m2\repository\org\springframework\boot\spring-boot-devtools\3.3.8\spring-boot-devtools-3.3.8.jar;C:\Users\mumyu\.m2\repository\org\springframework\boot\spring-boot\3.3.8\spring-boot-3.3.8.jar;C:\Users\mumyu\.m2\repository\org\springframework\boot\spring-boot-autoconfigure\3.3.8\spring-boot-autoconfigure-3.3.8.jar;C:\Users\mumyu\.m2\repository\org\projectlombok\lombok\1.18.36\lombok-1.18.36.jar;C:\Users\mumyu\.m2\repository\org\springframework\boot\spring-boot-starter-test\3.3.8\spring-boot-starter-test-3.3.8.jar;C:\Users\mumyu\.m2\repository\org\springframework\boot\spring-boot-test\3.3.8\spring-boot-test-3.3.8.jar;C:\Users\mumyu\.m2\repository\org\springframework\boot\spring-boot-test-autoconfigure\3.3.8\spring-boot-test-autoconfigure-3.3.8.jar;C:\Users\mumyu\.m2\repository\com\jayway\jsonpath\json-path\2.9.0\json-path-2.9.0.jar;C:\Users\mumyu\.m2\repository\jakarta\xml\bind\jakarta.xml.bind-api\4.0.2\jakarta.xml.bind-api-4.0.2.jar;C:\Users\mumyu\.m2\repository\jakarta\activation\jakarta.activation-api\2.1.3\jakarta.activation-api-2.1.3.jar;C:\Users\mumyu\.m2\repository\net\minidev\json-smart\2.5.1\json-smart-2.5.1.jar;C:\Users\mumyu\.m2\repository\net\minidev\accessors-smart\2.5.1\accessors-smart-2.5.1.jar;C:\Users\mumyu\.m2\repository\org\ow2\asm\asm\9.6\asm-9.6.jar;C:\Users\mumyu\.m2\repository\org\assertj\assertj-core\3.25.3\assertj-core-3.25.3.jar;C:\Users\mumyu\.m2\repository\net\bytebuddy\byte-buddy\1.14.19\byte-buddy-1.14.19.jar;C:\Users\mumyu\.m2\repository\org\awaitility\awaitility\4.2.2\awaitility-4.2.2.jar;C:\Users\mumyu\.m2\repository\org\hamcrest\hamcrest\2.2\hamcrest-2.2.jar;C:\Users\mumyu\.m2\repository\org\junit\jupiter\junit-jupiter\5.10.5\junit-jupiter-5.10.5.jar;C:\Users\mumyu\.m2\repository\org\junit\jupiter\junit-jupiter-api\5.10.5\junit-jupiter-api-5.10.5.jar;C:\Users\mumyu\.m2\repository\org\opentest4j\opentest4j\1.3.0\opentest4j-1.3.0.jar;C:\Users\mumyu\.m2\repository\org\junit\platform\junit-platform-commons\1.10.5\junit-platform-commons-1.10.5.jar;C:\Users\mumyu\.m2\repository\org\apiguardian\apiguardian-api\1.1.2\apiguardian-api-1.1.2.jar;C:\Users\mumyu\.m2\repository\org\junit\jupiter\junit-jupiter-params\5.10.5\junit-jupiter-params-5.10.5.jar;C:\Users\mumyu\.m2\repository\org\junit\jupiter\junit-jupiter-engine\5.10.5\junit-jupiter-engine-5.10.5.jar;C:\Users\mumyu\.m2\repository\org\junit\platform\junit-platform-engine\1.10.5\junit-platform-engine-1.10.5.jar;C:\Users\mumyu\.m2\repository\org\mockito\mockito-core\5.11.0\mockito-core-5.11.0.jar;C:\Users\mumyu\.m2\repository\net\bytebuddy\byte-buddy-agent\1.14.19\byte-buddy-agent-1.14.19.jar;C:\Users\mumyu\.m2\repository\org\objenesis\objenesis\3.3\objenesis-3.3.jar;C:\Users\mumyu\.m2\repository\org\mockito\mockito-junit-jupiter\5.11.0\mockito-junit-jupiter-5.11.0.jar;C:\Users\mumyu\.m2\repository\org\skyscreamer\jsonassert\1.5.3\jsonassert-1.5.3.jar;C:\Users\mumyu\.m2\repository\com\vaadin\external\google\android-json\0.0.20131108.vaadin1\android-json-0.0.20131108.vaadin1.jar;C:\Users\mumyu\.m2\repository\org\springframework\spring-core\6.1.16\spring-core-6.1.16.jar;C:\Users\mumyu\.m2\repository\org\springframework\spring-jcl\6.1.16\spring-jcl-6.1.16.jar;C:\Users\mumyu\.m2\repository\org\springframework\spring-test\6.1.16\spring-test-6.1.16.jar;C:\Users\mumyu\.m2\repository\org\xmlunit\xmlunit-core\2.9.1\xmlunit-core-2.9.1.jar;C:\Users\mumyu\.m2\repository\nz\net\ultraq\thymeleaf\thymeleaf-layout-dialect\3.3.0\thymeleaf-layout-dialect-3.3.0.jar;C:\Users\mumyu\.m2\repository\org\apache\groovy\groovy\4.0.24\groovy-4.0.24.jar;C:\Users\mumyu\.m2\repository\nz\net\ultraq\groovy\groovy-extensions\2.1.0\groovy-extensions-2.1.0.jar;C:\Users\mumyu\.m2\repository\nz\net\ultraq\thymeleaf\thymeleaf-expression-processor\3.2.0\thymeleaf-expression-processor-3.2.0.jar;C:\Users\mumyu\.m2\repository\org\thymeleaf\thymeleaf\3.1.3.RELEASE\thymeleaf-3.1.3.RELEASE.jar;C:\Users\mumyu\.m2\repository\ognl\ognl\3.3.4\ognl-3.3.4.jar;C:\Users\mumyu\.m2\repository\org\javassist\javassist\3.29.0-GA\javassist-3.29.0-GA.jar;C:\Users\mumyu\.m2\repository\org\attoparser\attoparser\2.0.7.RELEASE\attoparser-2.0.7.RELEASE.jar;C:\Users\mumyu\.m2\repository\org\unbescape\unbescape\1.1.6.RELEASE\unbescape-1.1.6.RELEASE.jar;C:\Users\mumyu\.m2\repository\org\slf4j\slf4j-api\2.0.16\slf4j-api-2.0.16.jar;C:\Users\mumyu\.m2\repository\org\springframework\boot\spring-boot-starter-thymeleaf\3.3.8\spring-boot-starter-thymeleaf-3.3.8.jar;C:\Users\mumyu\.m2\repository\org\thymeleaf\thymeleaf-spring6\3.1.3.RELEASE\thymeleaf-spring6-3.1.3.RELEASE.jar;C:\Users\mumyu\.m2\repository\org\springframework\boot\spring-boot-starter-data-jpa\3.3.8\spring-boot-starter-data-jpa-3.3.8.jar;C:\Users\mumyu\.m2\repository\org\springframework\boot\spring-boot-starter-aop\3.3.8\spring-boot-starter-aop-3.3.8.jar;C:\Users\mumyu\.m2\repository\org\aspectj\aspectjweaver\1.9.22.1\aspectjweaver-1.9.22.1.jar;C:\Users\mumyu\.m2\repository\org\springframework\boot\spring-boot-starter-jdbc\3.3.8\spring-boot-starter-jdbc-3.3.8.jar;C:\Users\mumyu\.m2\repository\com\zaxxer\HikariCP\5.1.0\HikariCP-5.1.0.jar;C:\Users\mumyu\.m2\repository\org\springframework\spring-jdbc\6.1.16\spring-jdbc-6.1.16.jar;C:\Users\mumyu\.m2\repository\org\hibernate\orm\hibernate-core\6.5.3.Final\hibernate-core-6.5.3.Final.jar;C:\Users\mumyu\.m2\repository\jakarta\persistence\jakarta.persistence-api\3.1.0\jakarta.persistence-api-3.1.0.jar;C:\Users\mumyu\.m2\repository\jakarta\transaction\jakarta.transaction-api\2.0.1\jakarta.transaction-api-2.0.1.jar;C:\Users\mumyu\.m2\repository\org\jboss\logging\jboss-logging\3.5.3.Final\jboss-logging-3.5.3.Final.jar;C:\Users\mumyu\.m2\repository\org\hibernate\common\hibernate-commons-annotations\6.0.6.Final\hibernate-commons-annotations-6.0.6.Final.jar;C:\Users\mumyu\.m2\repository\io\smallrye\jandex\3.1.2\jandex-3.1.2.jar;C:\Users\mumyu\.m2\repository\com\fasterxml\classmate\1.7.0\classmate-1.7.0.jar;C:\Users\mumyu\.m2\repository\org\glassfish\jaxb\jaxb-runtime\4.0.5\jaxb-runtime-4.0.5.jar;C:\Users\mumyu\.m2\repository\org\glassfish\jaxb\jaxb-core\4.0.5\jaxb-core-4.0.5.jar;C:\Users\mumyu\.m2\repository\org\eclipse\angus\angus-activation\2.0.2\angus-activation-2.0.2.jar;C:\Users\mumyu\.m2\repository\org\glassfish\jaxb\txw2\4.0.5\txw2-4.0.5.jar;C:\Users\mumyu\.m2\repository\com\sun\istack\istack-commons-runtime\4.1.2\istack-commons-runtime-4.1.2.jar;C:\Users\mumyu\.m2\repository\jakarta\inject\jakarta.inject-api\2.0.1\jakarta.inject-api-2.0.1.jar;C:\Users\mumyu\.m2\repository\org\antlr\antlr4-runtime\4.13.0\antlr4-runtime-4.13.0.jar;C:\Users\mumyu\.m2\repository\org\springframework\data\spring-data-jpa\3.3.8\spring-data-jpa-3.3.8.jar;C:\Users\mumyu\.m2\repository\org\springframework\data\spring-data-commons\3.3.8\spring-data-commons-3.3.8.jar;C:\Users\mumyu\.m2\repository\org\springframework\spring-orm\6.1.16\spring-orm-6.1.16.jar;C:\Users\mumyu\.m2\repository\org\springframework\spring-tx\6.1.16\spring-tx-6.1.16.jar;C:\Users\mumyu\.m2\repository\org\springframework\spring-aspects\6.1.16\spring-aspects-6.1.16.jar;C:\Users\mumyu\.m2\repository\org\springframework\boot\spring-boot-docker-compose\3.3.8\spring-boot-docker-compose-3.3.8.jar;C:\Users\mumyu\.m2\repository\com\fasterxml\jackson\core\jackson-databind\2.17.3\jackson-databind-2.17.3.jar;C:\Users\mumyu\.m2\repository\com\fasterxml\jackson\core\jackson-annotations\2.17.3\jackson-annotations-2.17.3.jar;C:\Users\mumyu\.m2\repository\com\fasterxml\jackson\core\jackson-core\2.17.3\jackson-core-2.17.3.jar;C:\Users\mumyu\.m2\repository\com\fasterxml\jackson\module\jackson-module-parameter-names\2.17.3\jackson-module-parameter-names-2.17.3.jar;C:\Users\mumyu\.m2\repository\com\mysql\mysql-connector-j\8.3.0\mysql-connector-j-8.3.0.jar;C:\Users\mumyu\.m2\repository\commons-io\commons-io\2.16.1\commons-io-2.16.1.jar;C:\Users\mumyu\.m2\repository\org\springframework\boot\spring-boot-starter-security\3.3.8\spring-boot-starter-security-3.3.8.jar;C:\Users\mumyu\.m2\repository\org\springframework\spring-aop\6.1.16\spring-aop-6.1.16.jar;C:\Users\mumyu\.m2\repository\org\springframework\security\spring-security-config\6.3.6\spring-security-config-6.3.6.jar;C:\Users\mumyu\.m2\repository\org\springframework\security\spring-security-core\6.3.6\spring-security-core-6.3.6.jar;C:\Users\mumyu\.m2\repository\org\springframework\security\spring-security-crypto\6.3.6\spring-security-crypto-6.3.6.jar;C:\Users\mumyu\.m2\repository\org\springframework\security\spring-security-web\6.3.6\spring-security-web-6.3.6.jar;C:\Users\mumyu\.m2\repository\org\springframework\boot\spring-boot-starter-validation\3.3.8\spring-boot-starter-validation-3.3.8.jar;C:\Users\mumyu\.m2\repository\org\apache\tomcat\embed\tomcat-embed-el\10.1.34\tomcat-embed-el-10.1.34.jar;C:\Users\mumyu\.m2\repository\org\hibernate\validator\hibernate-validator\8.0.2.Final\hibernate-validator-8.0.2.Final.jar;C:\Users\mumyu\.m2\repository\jakarta\validation\jakarta.validation-api\3.0.2\jakarta.validation-api-3.0.2.jar;"/>
    <property name="sun.cpu.endian" value="little"/>
    <property name="user.home" value="C:\Users\mumyu"/>
    <property name="user.language" value="tr"/>
    <property name="java.specification.vendor" value="Oracle Corporation"/>
    <property name="java.version.date" value="2024-04-16"/>
    <property name="java.home" value="D:\java\sts-4.20.1.RELEASE\plugins\org.eclipse.justj.openjdk.hotspot.jre.full.win32.x86_64_22.0.1.v20240426-1149\jre"/>
    <property name="file.separator" value="\"/>
    <property name="basedir" value="D:\java\stsWorkspace\OfisYonetimSistemi01"/>
    <property name="style.color" value="always"/>
    <property name="java.vm.compressedOopsMode" value="32-bit"/>
    <property name="line.separator" value="&#10;"/>
    <property name="java.vm.specification.vendor" value="Oracle Corporation"/>
    <property name="java.specification.name" value="Java Platform API Specification"/>
    <property name="FILE_LOG_CHARSET" value="UTF-8"/>
    <property name="java.awt.headless" value="true"/>
    <property name="surefire.real.class.path" value="C:\Users\mumyu\AppData\Local\Temp\surefire12269177131718888213\surefirebooter-20250202192054875_3.jar"/>
    <property name="user.script" value=""/>
    <property name="sun.management.compiler" value="HotSpot 64-Bit Tiered Compilers"/>
    <property name="java.runtime.version" value="22.0.1+8"/>
    <property name="user.name" value="mumyu"/>
    <property name="stdout.encoding" value="Cp1254"/>
    <property name="path.separator" value=";"/>
    <property name="os.version" value="10.0"/>
    <property name="java.runtime.name" value="OpenJDK Runtime Environment"/>
    <property name="file.encoding" value="UTF-8"/>
    <property name="java.vm.name" value="OpenJDK 64-Bit Server VM"/>
    <property name="java.vendor.version" value="Temurin-22.0.1+8"/>
    <property name="localRepository" value="C:\Users\mumyu\.m2\repository"/>
    <property name="java.vendor.url.bug" value="https://github.com/adoptium/adoptium-support/issues"/>
    <property name="java.io.tmpdir" value="C:\Users\mumyu\AppData\Local\Temp\"/>
    <property name="com.zaxxer.hikari.pool_number" value="1"/>
    <property name="java.version" value="22.0.1"/>
    <property name="user.dir" value="D:\java\stsWorkspace\OfisYonetimSistemi01"/>
    <property name="os.arch" value="amd64"/>
    <property name="java.vm.specification.name" value="Java Virtual Machine Specification"/>
    <property name="PID" value="19024"/>
    <property name="sun.os.patch.level" value=""/>
    <property name="CONSOLE_LOG_CHARSET" value="UTF-8"/>
    <property name="native.encoding" value="Cp1254"/>
    <property name="java.library.path" value="D:\java\sts-4.20.1.RELEASE\plugins\org.eclipse.justj.openjdk.hotspot.jre.full.win32.x86_64_22.0.1.v20240426-1149\jre\bin;C:\WINDOWS\Sun\Java\bin;C:\WINDOWS\system32;C:\WINDOWS;D:/java/sts-4.20.1.RELEASE//plugins/org.eclipse.justj.openjdk.hotspot.jre.full.win32.x86_64_22.0.1.v20240426-1149/jre/bin/server;D:/java/sts-4.20.1.RELEASE//plugins/org.eclipse.justj.openjdk.hotspot.jre.full.win32.x86_64_22.0.1.v20240426-1149/jre/bin;C:\Program Files (x86)\Common Files\Oracle\Java\java8path;C:\Program Files (x86)\Common Files\Oracle\Java\javapath;C:\Program Files (x86)\Intel\iCLS Client\;C:\Program Files\Intel\iCLS Client\;C:\WINDOWS\system32;C:\WINDOWS;C:\WINDOWS\System32\Wbem;C:\WINDOWS\System32\WindowsPowerShell\v1.0\;C:\WINDOWS\System32\OpenSSH\;C:\Program Files\Intel\Intel(R) Management Engine Components\DAL;C:\Program Files\Intel\Intel(R) Management Engine Components\IPT;C:\Program Files (x86)\Intel\Intel(R) Management Engine Components\DAL;C:\Program Files (x86)\Intel\Intel(R) Management Engine Components\IPT;C:\Program Files (x86)\ATI Technologies\ATI.ACE\Core-Static;C:\Program Files (x86)\AMD\ATI.ACE\Core-Static;C:\Program Files\Git\cmd;C:\Program Files\SafeNet\Authentication\SAC\x64;C:\Program Files\SafeNet\Authentication\SAC\x32;C:\Program Files\Docker\Docker\resources\bin;C:\Program Files\MySQL\MySQL Shell 8.0\bin\;C:\Users\mumyu\AppData\Local\Microsoft\WindowsApps;;C:\Users\mumyu\AppData\Local\Programs\Microsoft VS Code\bin;C:\Program Files\JetBrains\IntelliJ IDEA Community Edition 2023.3.4\bin;;D:\java\sts-4.20.1.RELEASE;;."/>
    <property name="java.vm.info" value="mixed mode"/>
    <property name="stderr.encoding" value="Cp1254"/>
    <property name="java.vendor" value="Eclipse Adoptium"/>
    <property name="java.vm.version" value="22.0.1+8"/>
    <property name="sun.io.unicode.encoding" value="UnicodeLittle"/>
    <property name="java.class.version" value="66.0"/>
  </properties>
  <testcase name="contextLoads" classname="com.ofisyonetimsistemi.OfisYonetimSistemiApplicationTests" time="1.202">
    <system-out><![CDATA[19:20:57.125 [main] INFO org.springframework.test.context.support.AnnotationConfigContextLoaderUtils -- Could not detect default configuration classes for test class [com.ofisyonetimsistemi.OfisYonetimSistemiApplicationTests]: OfisYonetimSistemiApplicationTests does not declare any static, non-private, non-final, nested classes annotated with @Configuration.
19:20:57.325 [main] INFO org.springframework.boot.test.context.SpringBootTestContextBootstrapper -- Found @SpringBootConfiguration com.ofisyonetimsistemi.OfisYonetimSistemiApplication for test class com.ofisyonetimsistemi.OfisYonetimSistemiApplicationTests
19:20:57.658 [main] INFO org.springframework.boot.devtools.restart.RestartApplicationListener -- Restart disabled due to context in which it is running

  .   ____          _            __ _ _
 /\\ / ___'_ __ _ _(_)_ __  __ _ \ \ \ \
( ( )\___ | '_ | '_| | '_ \/ _` | \ \ \ \
 \\/  ___)| |_)| | | | | || (_| |  ) ) ) )
  '  |____| .__|_| |_|_| |_\__, | / / / /
 =========|_|==============|___/=/_/_/_/

 :: Spring Boot ::                (v3.3.8)

2025-02-02T19:20:58.572+03:00  INFO 19024 --- [           main] c.o.OfisYonetimSistemiApplicationTests   : Starting OfisYonetimSistemiApplicationTests using Java 22.0.1 with PID 19024 (started by mumyu in D:\java\stsWorkspace\OfisYonetimSistemi01)
2025-02-02T19:20:58.575+03:00  INFO 19024 --- [           main] c.o.OfisYonetimSistemiApplicationTests   : No active profile set, falling back to 1 default profile: "default"
2025-02-02T19:20:59.318+03:00 DEBUG 19024 --- [           main] o.s.c.a.ClassPathBeanDefinitionScanner   : Identified candidate component class: file [D:\java\stsWorkspace\OfisYonetimSistemi01\target\classes\com\ofisyonetimsistemi\controllers\AdminPanelController.class]
2025-02-02T19:20:59.346+03:00 DEBUG 19024 --- [           main] o.s.c.a.ClassPathBeanDefinitionScanner   : Identified candidate component class: file [D:\java\stsWorkspace\OfisYonetimSistemi01\target\classes\com\ofisyonetimsistemi\controllers\AdminPanelMessagesController.class]
2025-02-02T19:20:59.350+03:00 DEBUG 19024 --- [           main] o.s.c.a.ClassPathBeanDefinitionScanner   : Identified candidate component class: file [D:\java\stsWorkspace\OfisYonetimSistemi01\target\classes\com\ofisyonetimsistemi\controllers\HomeController.class]
2025-02-02T19:20:59.369+03:00 DEBUG 19024 --- [           main] o.s.c.a.ClassPathBeanDefinitionScanner   : Identified candidate component class: file [D:\java\stsWorkspace\OfisYonetimSistemi01\target\classes\com\ofisyonetimsistemi\controllers\HomePageAboutUsController.class]
2025-02-02T19:20:59.383+03:00 DEBUG 19024 --- [           main] o.s.c.a.ClassPathBeanDefinitionScanner   : Identified candidate component class: file [D:\java\stsWorkspace\OfisYonetimSistemi01\target\classes\com\ofisyonetimsistemi\controllers\HomePageAskedQuestionsController.class]
2025-02-02T19:20:59.397+03:00 DEBUG 19024 --- [           main] o.s.c.a.ClassPathBeanDefinitionScanner   : Identified candidate component class: file [D:\java\stsWorkspace\OfisYonetimSistemi01\target\classes\com\ofisyonetimsistemi\controllers\HomePageClientController.class]
2025-02-02T19:20:59.412+03:00 DEBUG 19024 --- [           main] o.s.c.a.ClassPathBeanDefinitionScanner   : Identified candidate component class: file [D:\java\stsWorkspace\OfisYonetimSistemi01\target\classes\com\ofisyonetimsistemi\controllers\HomePagePortfolioCompanyController.class]
2025-02-02T19:20:59.426+03:00 DEBUG 19024 --- [           main] o.s.c.a.ClassPathBeanDefinitionScanner   : Identified candidate component class: file [D:\java\stsWorkspace\OfisYonetimSistemi01\target\classes\com\ofisyonetimsistemi\controllers\HomePagePricingController.class]
2025-02-02T19:20:59.448+03:00 DEBUG 19024 --- [           main] o.s.c.a.ClassPathBeanDefinitionScanner   : Identified candidate component class: file [D:\java\stsWorkspace\OfisYonetimSistemi01\target\classes\com\ofisyonetimsistemi\controllers\HomePagePricingItemController.class]
2025-02-02T19:20:59.467+03:00 DEBUG 19024 --- [           main] o.s.c.a.ClassPathBeanDefinitionScanner   : Identified candidate component class: file [D:\java\stsWorkspace\OfisYonetimSistemi01\target\classes\com\ofisyonetimsistemi\controllers\HomePageReferansController.class]
2025-02-02T19:20:59.486+03:00 DEBUG 19024 --- [           main] o.s.c.a.ClassPathBeanDefinitionScanner   : Identified candidate component class: file [D:\java\stsWorkspace\OfisYonetimSistemi01\target\classes\com\ofisyonetimsistemi\controllers\HomePageServicesController.class]
2025-02-02T19:20:59.502+03:00 DEBUG 19024 --- [           main] o.s.c.a.ClassPathBeanDefinitionScanner   : Identified candidate component class: file [D:\java\stsWorkspace\OfisYonetimSistemi01\target\classes\com\ofisyonetimsistemi\controllers\HomePageTeamController.class]
2025-02-02T19:20:59.515+03:00 DEBUG 19024 --- [           main] o.s.c.a.ClassPathBeanDefinitionScanner   : Identified candidate component class: file [D:\java\stsWorkspace\OfisYonetimSistemi01\target\classes\com\ofisyonetimsistemi\controllers\HomePageWhyUsController.class]
2025-02-02T19:20:59.529+03:00 DEBUG 19024 --- [           main] o.s.c.a.ClassPathBeanDefinitionScanner   : Identified candidate component class: file [D:\java\stsWorkspace\OfisYonetimSistemi01\target\classes\com\ofisyonetimsistemi\controllers\SmmmHomePageSettingsContoller.class]
2025-02-02T19:20:59.544+03:00 DEBUG 19024 --- [           main] o.s.c.a.ClassPathBeanDefinitionScanner   : Identified candidate component class: file [D:\java\stsWorkspace\OfisYonetimSistemi01\target\classes\com\ofisyonetimsistemi\controllers\SmmmOfisPortfolioController.class]
2025-02-02T19:20:59.936+03:00 DEBUG 19024 --- [           main] o.s.c.a.ClassPathBeanDefinitionScanner   : Ignored because not a concrete top-level class: file [D:\java\stsWorkspace\OfisYonetimSistemi01\target\classes\com\ofisyonetimsistemi\repositories\BoxIconsRepository.class]
2025-02-02T19:20:59.941+03:00 DEBUG 19024 --- [           main] o.s.c.a.ClassPathBeanDefinitionScanner   : Ignored because not a concrete top-level class: file [D:\java\stsWorkspace\OfisYonetimSistemi01\target\classes\com\ofisyonetimsistemi\repositories\PortfolioCompanyRepository.class]
2025-02-02T19:20:59.943+03:00 DEBUG 19024 --- [           main] o.s.c.a.ClassPathBeanDefinitionScanner   : Ignored because not a concrete top-level class: file [D:\java\stsWorkspace\OfisYonetimSistemi01\target\classes\com\ofisyonetimsistemi\repositories\PricingItemRepository.class]
2025-02-02T19:20:59.953+03:00 DEBUG 19024 --- [           main] o.s.c.a.ClassPathBeanDefinitionScanner   : Ignored because not a concrete top-level class: file [D:\java\stsWorkspace\OfisYonetimSistemi01\target\classes\com\ofisyonetimsistemi\repositories\SmmmHomePageReferansesRepository.class]
2025-02-02T19:20:59.963+03:00 DEBUG 19024 --- [           main] o.s.c.a.ClassPathBeanDefinitionScanner   : Ignored because not a concrete top-level class: file [D:\java\stsWorkspace\OfisYonetimSistemi01\target\classes\com\ofisyonetimsistemi\repositories\SmmmOfisAboutUsColumnOneRepo.class]
2025-02-02T19:20:59.972+03:00 DEBUG 19024 --- [           main] o.s.c.a.ClassPathBeanDefinitionScanner   : Ignored because not a concrete top-level class: file [D:\java\stsWorkspace\OfisYonetimSistemi01\target\classes\com\ofisyonetimsistemi\repositories\SmmmOfisAskedQuestionsRepository.class]
2025-02-02T19:20:59.975+03:00 DEBUG 19024 --- [           main] o.s.c.a.ClassPathBeanDefinitionScanner   : Ignored because not a concrete top-level class: file [D:\java\stsWorkspace\OfisYonetimSistemi01\target\classes\com\ofisyonetimsistemi\repositories\SmmmOfisBusinesSectorRepository.class]
2025-02-02T19:20:59.984+03:00 DEBUG 19024 --- [           main] o.s.c.a.ClassPathBeanDefinitionScanner   : Ignored because not a concrete top-level class: file [D:\java\stsWorkspace\OfisYonetimSistemi01\target\classes\com\ofisyonetimsistemi\repositories\SmmmOfisHomePageClientRepo.class]
2025-02-02T19:20:59.996+03:00 DEBUG 19024 --- [           main] o.s.c.a.ClassPathBeanDefinitionScanner   : Ignored because not a concrete top-level class: file [D:\java\stsWorkspace\OfisYonetimSistemi01\target\classes\com\ofisyonetimsistemi\repositories\SmmmOfisHomePageTeamRepo.class]
2025-02-02T19:21:00.010+03:00 DEBUG 19024 --- [           main] o.s.c.a.ClassPathBeanDefinitionScanner   : Ignored because not a concrete top-level class: file [D:\java\stsWorkspace\OfisYonetimSistemi01\target\classes\com\ofisyonetimsistemi\repositories\SmmmOfisMessageRepository.class]
2025-02-02T19:21:00.023+03:00 DEBUG 19024 --- [           main] o.s.c.a.ClassPathBeanDefinitionScanner   : Ignored because not a concrete top-level class: file [D:\java\stsWorkspace\OfisYonetimSistemi01\target\classes\com\ofisyonetimsistemi\repositories\SmmmOfisPricingRepository.class]
2025-02-02T19:21:00.033+03:00 DEBUG 19024 --- [           main] o.s.c.a.ClassPathBeanDefinitionScanner   : Ignored because not a concrete top-level class: file [D:\java\stsWorkspace\OfisYonetimSistemi01\target\classes\com\ofisyonetimsistemi\repositories\SmmmOfisRepository.class]
2025-02-02T19:21:00.035+03:00 DEBUG 19024 --- [           main] o.s.c.a.ClassPathBeanDefinitionScanner   : Ignored because not a concrete top-level class: file [D:\java\stsWorkspace\OfisYonetimSistemi01\target\classes\com\ofisyonetimsistemi\repositories\SmmmOfisServicesRepository.class]
2025-02-02T19:21:00.046+03:00 DEBUG 19024 --- [           main] o.s.c.a.ClassPathBeanDefinitionScanner   : Ignored because not a concrete top-level class: file [D:\java\stsWorkspace\OfisYonetimSistemi01\target\classes\com\ofisyonetimsistemi\repositories\SmmmOfisWhyUsRepository.class]
2025-02-02T19:21:00.082+03:00 DEBUG 19024 --- [           main] o.s.c.a.ClassPathBeanDefinitionScanner   : Identified candidate component class: file [D:\java\stsWorkspace\OfisYonetimSistemi01\target\classes\com\ofisyonetimsistemi\security\controller\AdminController.class]
2025-02-02T19:21:00.095+03:00 DEBUG 19024 --- [           main] o.s.c.a.ClassPathBeanDefinitionScanner   : Identified candidate component class: file [D:\java\stsWorkspace\OfisYonetimSistemi01\target\classes\com\ofisyonetimsistemi\security\controller\CustomerController.class]
2025-02-02T19:21:00.113+03:00 DEBUG 19024 --- [           main] o.s.c.a.ClassPathBeanDefinitionScanner   : Identified candidate component class: file [D:\java\stsWorkspace\OfisYonetimSistemi01\target\classes\com\ofisyonetimsistemi\security\controller\SecurityHomeController.class]
2025-02-02T19:21:00.124+03:00 DEBUG 19024 --- [           main] o.s.c.a.ClassPathBeanDefinitionScanner   : Identified candidate component class: file [D:\java\stsWorkspace\OfisYonetimSistemi01\target\classes\com\ofisyonetimsistemi\security\controller\UserController.class]
2025-02-02T19:21:00.137+03:00 DEBUG 19024 --- [           main] o.s.c.a.ClassPathBeanDefinitionScanner   : Identified candidate component class: file [D:\java\stsWorkspace\OfisYonetimSistemi01\target\classes\com\ofisyonetimsistemi\security\controller\UserRegisterController.class]
2025-02-02T19:21:00.266+03:00 DEBUG 19024 --- [           main] o.s.c.a.ClassPathBeanDefinitionScanner   : Ignored because not a concrete top-level class: file [D:\java\stsWorkspace\OfisYonetimSistemi01\target\classes\com\ofisyonetimsistemi\security\repository\MyUserRepository.class]
2025-02-02T19:21:00.280+03:00 DEBUG 19024 --- [           main] o.s.c.a.ClassPathBeanDefinitionScanner   : Identified candidate component class: file [D:\java\stsWorkspace\OfisYonetimSistemi01\target\classes\com\ofisyonetimsistemi\security\securityconfig\MyAuthenticationSuccessHandler.class]
2025-02-02T19:21:00.300+03:00 DEBUG 19024 --- [           main] o.s.c.a.ClassPathBeanDefinitionScanner   : Identified candidate component class: file [D:\java\stsWorkspace\OfisYonetimSistemi01\target\classes\com\ofisyonetimsistemi\security\securityconfig\SecurityConfig.class]
2025-02-02T19:21:00.317+03:00 DEBUG 19024 --- [           main] o.s.c.a.ClassPathBeanDefinitionScanner   : Identified candidate component class: file [D:\java\stsWorkspace\OfisYonetimSistemi01\target\classes\com\ofisyonetimsistemi\security\service\MyUserDetailsService.class]
2025-02-02T19:21:00.329+03:00 DEBUG 19024 --- [           main] o.s.c.a.ClassPathBeanDefinitionScanner   : Identified candidate component class: file [D:\java\stsWorkspace\OfisYonetimSistemi01\target\classes\com\ofisyonetimsistemi\security\service\MyUserService.class]
2025-02-02T19:21:00.331+03:00 DEBUG 19024 --- [           main] o.s.c.a.ClassPathBeanDefinitionScanner   : Identified candidate component class: file [D:\java\stsWorkspace\OfisYonetimSistemi01\target\classes\com\ofisyonetimsistemi\services\BoxIconsService.class]
2025-02-02T19:21:00.345+03:00 DEBUG 19024 --- [           main] o.s.c.a.ClassPathBeanDefinitionScanner   : Identified candidate component class: file [D:\java\stsWorkspace\OfisYonetimSistemi01\target\classes\com\ofisyonetimsistemi\services\HomePagePortfolioCompanyService.class]
2025-02-02T19:21:00.346+03:00 DEBUG 19024 --- [           main] o.s.c.a.ClassPathBeanDefinitionScanner   : Identified candidate component class: file [D:\java\stsWorkspace\OfisYonetimSistemi01\target\classes\com\ofisyonetimsistemi\services\PricingItemService.class]
2025-02-02T19:21:00.358+03:00 DEBUG 19024 --- [           main] o.s.c.a.ClassPathBeanDefinitionScanner   : Identified candidate component class: file [D:\java\stsWorkspace\OfisYonetimSistemi01\target\classes\com\ofisyonetimsistemi\services\SmmmOfisAboutUsColumnOneService.class]
2025-02-02T19:21:00.369+03:00 DEBUG 19024 --- [           main] o.s.c.a.ClassPathBeanDefinitionScanner   : Identified candidate component class: file [D:\java\stsWorkspace\OfisYonetimSistemi01\target\classes\com\ofisyonetimsistemi\services\SmmmOfisAskedQuestionsService.class]
2025-02-02T19:21:00.371+03:00 DEBUG 19024 --- [           main] o.s.c.a.ClassPathBeanDefinitionScanner   : Identified candidate component class: file [D:\java\stsWorkspace\OfisYonetimSistemi01\target\classes\com\ofisyonetimsistemi\services\SmmmOfisBusinesSectorService.class]
2025-02-02T19:21:00.389+03:00 DEBUG 19024 --- [           main] o.s.c.a.ClassPathBeanDefinitionScanner   : Identified candidate component class: file [D:\java\stsWorkspace\OfisYonetimSistemi01\target\classes\com\ofisyonetimsistemi\services\SmmmOfisHomePageClientService.class]
2025-02-02T19:21:00.403+03:00 DEBUG 19024 --- [           main] o.s.c.a.ClassPathBeanDefinitionScanner   : Identified candidate component class: file [D:\java\stsWorkspace\OfisYonetimSistemi01\target\classes\com\ofisyonetimsistemi\services\SmmmOfisHomePageServicesService.class]
2025-02-02T19:21:00.418+03:00 DEBUG 19024 --- [           main] o.s.c.a.ClassPathBeanDefinitionScanner   : Identified candidate component class: file [D:\java\stsWorkspace\OfisYonetimSistemi01\target\classes\com\ofisyonetimsistemi\services\SmmmOfisHomePageTeamService.class]
2025-02-02T19:21:00.420+03:00 DEBUG 19024 --- [           main] o.s.c.a.ClassPathBeanDefinitionScanner   : Identified candidate component class: file [D:\java\stsWorkspace\OfisYonetimSistemi01\target\classes\com\ofisyonetimsistemi\services\SmmmOfisMessageService.class]
2025-02-02T19:21:00.434+03:00 DEBUG 19024 --- [           main] o.s.c.a.ClassPathBeanDefinitionScanner   : Identified candidate component class: file [D:\java\stsWorkspace\OfisYonetimSistemi01\target\classes\com\ofisyonetimsistemi\services\SmmmOfisPricingService.class]
2025-02-02T19:21:00.447+03:00 DEBUG 19024 --- [           main] o.s.c.a.ClassPathBeanDefinitionScanner   : Identified candidate component class: file [D:\java\stsWorkspace\OfisYonetimSistemi01\target\classes\com\ofisyonetimsistemi\services\SmmmOfisReferansesService.class]
2025-02-02T19:21:00.463+03:00 DEBUG 19024 --- [           main] o.s.c.a.ClassPathBeanDefinitionScanner   : Identified candidate component class: file [D:\java\stsWorkspace\OfisYonetimSistemi01\target\classes\com\ofisyonetimsistemi\services\SmmmOfisService.class]
2025-02-02T19:21:00.475+03:00 DEBUG 19024 --- [           main] o.s.c.a.ClassPathBeanDefinitionScanner   : Identified candidate component class: file [D:\java\stsWorkspace\OfisYonetimSistemi01\target\classes\com\ofisyonetimsistemi\services\SmmmOfisWhyUsService.class]
2025-02-02T19:21:01.444+03:00  INFO 19024 --- [           main] .s.d.r.c.RepositoryConfigurationDelegate : Bootstrapping Spring Data JPA repositories in DEFAULT mode.
2025-02-02T19:21:01.619+03:00  INFO 19024 --- [           main] .s.d.r.c.RepositoryConfigurationDelegate : Finished Spring Data repository scanning in 163 ms. Found 15 JPA repository interfaces.
2025-02-02T19:21:02.723+03:00  INFO 19024 --- [           main] o.hibernate.jpa.internal.util.LogHelper  : HHH000204: Processing PersistenceUnitInfo [name: default]
2025-02-02T19:21:02.863+03:00  INFO 19024 --- [           main] org.hibernate.Version                    : HHH000412: Hibernate ORM core version 6.5.3.Final
2025-02-02T19:21:02.952+03:00  INFO 19024 --- [           main] o.h.c.internal.RegionFactoryInitiator    : HHH000026: Second-level cache disabled
2025-02-02T19:21:03.640+03:00  INFO 19024 --- [           main] o.s.o.j.p.SpringPersistenceUnitInfo      : No LoadTimeWeaver setup: ignoring JPA class transformer
2025-02-02T19:21:03.709+03:00  INFO 19024 --- [           main] com.zaxxer.hikari.HikariDataSource       : HikariPool-1 - Starting...
2025-02-02T19:21:04.382+03:00  INFO 19024 --- [           main] com.zaxxer.hikari.pool.HikariPool        : HikariPool-1 - Added connection com.mysql.cj.jdbc.ConnectionImpl@552cb0d5
2025-02-02T19:21:04.386+03:00  INFO 19024 --- [           main] com.zaxxer.hikari.HikariDataSource       : HikariPool-1 - Start completed.
2025-02-02T19:21:07.314+03:00  INFO 19024 --- [           main] o.h.e.t.j.p.i.JtaPlatformInitiator       : HHH000489: No JTA platform available (set 'hibernate.transaction.jta.platform' to enable JTA platform integration)
Hibernate: alter table myuser modify column string_resim LONGTEXT
Hibernate: alter table portfoliocompany modify column resim LONGBLOB
Hibernate: alter table portfoliocompany modify column string_resim LONGTEXT
Hibernate: alter table smmmofis modify column logo LONGBLOB
Hibernate: alter table smmmofis modify column string_logo LONGTEXT
Hibernate: alter table smmmofiscustomer modify column logo LONGBLOB
Hibernate: alter table smmmofiscustomer modify column string_logo LONGTEXT
Hibernate: alter table smmmofisfrequentlyaskedquestions modify column answer LONGTEXT
Hibernate: alter table smmmofisfrequentlyaskedquestions modify column question LONGTEXT
Hibernate: alter table smmmofishomepageclient modify column logo LONGBLOB
Hibernate: alter table smmmofishomepageclient modify column string_logo LONGTEXT
Hibernate: alter table smmmofisreferans modify column resim LONGBLOB
Hibernate: alter table smmmofisreferans modify column string_resim LONGTEXT
Hibernate: alter table smmmofisservice modify column detailsmainparagraf LONGTEXT
Hibernate: alter table smmmofisservice modify column detailssubparagraf LONGTEXT
Hibernate: alter table smmmofissuser modify column string_resim LONGTEXT
Hibernate: alter table smmmofisteam modify column resim LONGBLOB
Hibernate: alter table smmmofisteam modify column string_resim LONGTEXT
2025-02-02T19:21:08.160+03:00  INFO 19024 --- [           main] j.LocalContainerEntityManagerFactoryBean : Initialized JPA EntityManagerFactory for persistence unit 'default'
2025-02-02T19:21:09.159+03:00  INFO 19024 --- [           main] o.s.d.j.r.query.QueryEnhancerFactory     : Hibernate is in classpath; If applicable, HQL parser will be used.
2025-02-02T19:21:10.355+03:00  INFO 19024 --- [           main] eAuthenticationProviderManagerConfigurer : Global AuthenticationManager configured with AuthenticationProvider bean with name authProvider
2025-02-02T19:21:10.357+03:00  WARN 19024 --- [           main] r$InitializeUserDetailsManagerConfigurer : Global AuthenticationManager configured with an AuthenticationProvider bean. UserDetailsService beans will not be used for username/password login. Consider removing the AuthenticationProvider bean. Alternatively, consider using the UserDetailsService in a manually instantiated DaoAuthenticationProvider.
2025-02-02T19:21:10.584+03:00  INFO 19024 --- [           main] o.s.b.a.w.s.WelcomePageHandlerMapping    : Adding welcome page template: index
2025-02-02T19:21:11.893+03:00 DEBUG 19024 --- [           main] o.s.c.support.DefaultLifecycleProcessor  : Starting beans in phase -2147483647
2025-02-02T19:21:11.894+03:00 DEBUG 19024 --- [           main] o.s.c.support.DefaultLifecycleProcessor  : Successfully started bean 'springBootLoggingLifecycle'
2025-02-02T19:21:11.894+03:00 DEBUG 19024 --- [           main] o.s.c.support.DefaultLifecycleProcessor  : Starting beans in phase 2147483647
2025-02-02T19:21:11.908+03:00  INFO 19024 --- [           main] c.o.OfisYonetimSistemiApplicationTests   : Started OfisYonetimSistemiApplicationTests in 14.269 seconds (process running for 16.629)
]]></system-out>
    <system-err><![CDATA[WARNING: A Java agent has been loaded dynamically (C:\Users\mumyu\.m2\repository\net\bytebuddy\byte-buddy-agent\1.14.19\byte-buddy-agent-1.14.19.jar)
WARNING: If a serviceability tool is in use, please run with -XX:+EnableDynamicAgentLoading to hide this warning
WARNING: If a serviceability tool is not in use, please run with -Djdk.instrument.traceUsage for more information
WARNING: Dynamic loading of agents will be disallowed by default in a future release
]]></system-err>
  </testcase>
</testsuite>